Building ...
... done. Elapsed 0.154234842 seconds
Watching paths: /Users/felix/Projects/bare-minimum-clojurescript-setup/src
Change detected, recompiling ...
Compiling src/frontend/app.cljs to out/frontend/app.js
Reading analysis cache for jar:file:/Users/felix/.m2/repository/reagent/reagent/0.10.0/reagent-0.10.0.jar!/reagent/impl/util.cljs
Reading analysis cache for jar:file:/Users/felix/.m2/repository/reagent/reagent/0.10.0/reagent-0.10.0.jar!/reagent/debug.cljs
Reading analysis cache for jar:file:/Users/felix/.m2/repository/reagent/reagent/0.10.0/reagent-0.10.0.jar!/reagent/impl/batching.cljs
Reading analysis cache for jar:file:/Users/felix/.m2/repository/org/clojure/clojurescript/1.10.597/clojurescript-1.10.597.jar!/clojure/set.cljs
Reading analysis cache for jar:file:/Users/felix/.m2/repository/reagent/reagent/0.10.0/reagent-0.10.0.jar!/reagent/ratom.cljs
Reading analysis cache for jar:file:/Users/felix/.m2/repository/reagent/reagent/0.10.0/reagent-0.10.0.jar!/reagent/impl/component.cljs
Reading analysis cache for jar:file:/Users/felix/.m2/repository/reagent/reagent/0.10.0/reagent-0.10.0.jar!/reagent/impl/template.cljs
Reading analysis cache for jar:file:/Users/felix/.m2/repository/reagent/reagent/0.10.0/reagent-0.10.0.jar!/reagent/dom.cljs
Reading analysis cache for jar:file:/Users/felix/.m2/repository/reagent/reagent/0.10.0/reagent-0.10.0.jar!/reagent/core.cljs
WARNING: Use of undeclared Var frontend.app/on-click at line 10 src/frontend/app.cljs
Copying file:/Users/felix/Projects/bare-minimum-clojurescript-setup/src/frontend/app.cljs to out/frontend/app.cljs
... done. Elapsed 0.286208847 seconds
Change detected, recompiling ...
Compiling src/frontend/app.cljs to out/frontend/app.js
WARNING: Use of undeclared Var frontend.app/on-click at line 10 src/frontend/app.cljs
Copying file:/Users/felix/Projects/bare-minimum-clojurescript-setup/src/frontend/app.cljs to out/frontend/app.cljs
... done. Elapsed 0.130872861 seconds
Change detected, recompiling ...
Compiling src/frontend/app.cljs to out/frontend/app.js
WARNING: Use of undeclared Var frontend.app/counter at line 12 src/frontend/app.cljs
Copying file:/Users/felix/Projects/bare-minimum-clojurescript-setup/src/frontend/app.cljs to out/frontend/app.cljs
... done. Elapsed 0.154796466 seconds
Change detected, recompiling ...
Compiling src/frontend/app.cljs to out/frontend/app.js
Copying file:/Users/felix/Projects/bare-minimum-clojurescript-setup/src/frontend/app.cljs to out/frontend/app.cljs
... done. Elapsed 0.12177812 seconds
Change detected, recompiling ...
Compiling src/frontend/app.cljs to out/frontend/app.js
Copying file:/Users/felix/Projects/bare-minimum-clojurescript-setup/src/frontend/app.cljs to out/frontend/app.cljs
... done. Elapsed 0.152190707 seconds
